<?xml version="1.0" encoding="UTF-8"?>
<coverage generated="1702705318581" clover="3.2.0">
  <project timestamp="1702705318582" name="All files">
    <metrics statements="14" coveredstatements="14" conditionals="4" coveredconditionals="4" methods="4" coveredmethods="4" elements="22" coveredelements="22" complexity="0" loc="14" ncloc="14" packages="1" files="1" classes="1"/>
    <file name="gradeCalculation.js" path="C:\Users\DELL\OneDrive\Documents\Latihan\Javascript - Dicoding\LatihanTesting\gradeCalculation.js">
      <metrics statements="14" coveredstatements="14" conditionals="4" coveredconditionals="4" methods="4" coveredmethods="4"/>
      <line num="1" count="1" type="stmt"/>
      <line num="2" count="14" type="stmt"/>
      <line num="4" count="4" type="cond" truecount="2" falsecount="0"/>
      <line num="6" count="12" type="stmt"/>
      <line num="7" count="3" type="stmt"/>
      <line num="11" count="1" type="stmt"/>
      <line num="12" count="2" type="stmt"/>
      <line num="13" count="2" type="stmt"/>
      <line num="15" count="2" type="cond" truecount="2" falsecount="0"/>
      <line num="16" count="1" type="stmt"/>
      <line num="17" count="1" type="stmt"/>
      <line num="19" count="1" type="stmt"/>
      <line num="20" count="1" type="stmt"/>
      <line num="26" count="1" type="stmt"/>
    </file>
  </project>
</coverage>
